DeprecationWarning: 'source deactivate' is deprecated. Use 'conda deactivate'.
2022-08-06 10:56:44.711118: I tensorflow/core/util/util.cc:169] oneDNN custom operations are on. You may see slightly different numerical results due to floating-point round-off errors from different computation orders. To turn them off, set the environment variable `TF_ENABLE_ONEDNN_OPTS=0`.
2022-08-06 10:57:00.970433: I tensorflow/core/platform/cpu_feature_guard.cc:193] This TensorFlow binary is optimized with oneAPI Deep Neural Network Library (oneDNN) to use the following CPU instructions in performance-critical operations:  AVX2 AVX512F AVX512_VNNI FMA
To enable them in other operations, rebuild TensorFlow with the appropriate compiler flags.
2022-08-06 10:57:05.382332: I tensorflow/core/common_runtime/gpu/gpu_device.cc:1532] Created device /job:localhost/replica:0/task:0/device:GPU:0 with 43530 MB memory:  -> device: 0, name: NVIDIA A40, pci bus id: 0000:89:00.0, compute capability: 8.6
2022-08-06 10:57:05.392317: I tensorflow/core/common_runtime/gpu/gpu_device.cc:1532] Created device /job:localhost/replica:0/task:0/device:GPU:1 with 43530 MB memory:  -> device: 1, name: NVIDIA A40, pci bus id: 0000:8a:00.0, compute capability: 8.6
2022-08-06 10:57:05.393118: I tensorflow/core/common_runtime/gpu/gpu_device.cc:1532] Created device /job:localhost/replica:0/task:0/device:GPU:2 with 43530 MB memory:  -> device: 2, name: NVIDIA A40, pci bus id: 0000:c1:00.0, compute capability: 8.6
2022-08-06 10:57:05.393891: I tensorflow/core/common_runtime/gpu/gpu_device.cc:1532] Created device /job:localhost/replica:0/task:0/device:GPU:3 with 43530 MB memory:  -> device: 3, name: NVIDIA A40, pci bus id: 0000:c2:00.0, compute capability: 8.6
2022-08-06 10:57:27.171734: W tensorflow/core/common_runtime/forward_type_inference.cc:231] Type inference failed. This indicates an invalid graph that escaped type checking. Error message: INVALID_ARGUMENT: expected compatible input types, but input 1:
type_id: TFT_OPTIONAL
args {
  type_id: TFT_PRODUCT
  args {
    type_id: TFT_TENSOR
    args {
      type_id: TFT_FLOAT
    }
  }
}
 is neither a subtype nor a supertype of the combined inputs preceding it:
type_id: TFT_OPTIONAL
args {
  type_id: TFT_PRODUCT
  args {
    type_id: TFT_TENSOR
    args {
      type_id: TFT_INT32
    }
  }
}

	while inferring type of node 'cond_42/output/_23'
2022-08-06 10:57:28.492158: I tensorflow/stream_executor/cuda/cuda_dnn.cc:384] Loaded cuDNN version 8202
2022-08-06 10:57:30.408047: I tensorflow/stream_executor/cuda/cuda_blas.cc:1786] TensorFloat-32 will be used for the matrix multiplication. This will only be logged once.
WARNING:absl:Found untraced functions such as lstm_cell_1_layer_call_fn, lstm_cell_1_layer_call_and_return_conditional_losses, lstm_cell_2_layer_call_fn, lstm_cell_2_layer_call_and_return_conditional_losses, lstm_cell_4_layer_call_fn while saving (showing 5 of 8). These functions will not be directly callable after loading.
