Model: "sequential"
_________________________________________________________________
 Layer (type)                Output Shape              Param #   
=================================================================
 embedding (Embedding)       (None, None, 48)          1248      
                                                                 
 bidirectional (Bidirectiona  (None, None, 192)        111360    
 l)                                                              
                                                                 
 bidirectional_1 (Bidirectio  (None, None, 64)         57600     
 nal)                                                            
                                                                 
 dense (Dense)               (None, None, 1)           65        
                                                                 
=================================================================
Total params: 170,273
Trainable params: 170,273
Non-trainable params: 0
_________________________________________________________________
None
Epoch 1/30

Epoch 1: val_prc improved from -inf to 0.09225, saving model to /n/eddy_lab/users/rangerkuang/CC_project/checkpoints/ckp_080422_2120/model_080422_2120.ckpt
860/860 - 488s - loss: 0.1054 - tp: 19750.0000 - fp: 99071.0000 - tn: 27181436.0000 - fn: 253587.0000 - accuracy: 0.9872 - precision: 0.1662 - recall: 0.0723 - auc: 0.7592 - prc: 0.0522 - weighted_accuracy: 0.9523 - val_loss: 0.1112 - val_tp: 15730.0000 - val_fp: 199837.0000 - val_tn: 2881033.0000 - val_fn: 15807.0000 - val_accuracy: 0.9307 - val_precision: 0.0730 - val_recall: 0.4988 - val_auc: 0.8727 - val_prc: 0.0922 - val_weighted_accuracy: 0.9139 - 488s/epoch - 568ms/step
Epoch 2/30

Epoch 2: val_prc improved from 0.09225 to 0.15508, saving model to /n/eddy_lab/users/rangerkuang/CC_project/checkpoints/ckp_080422_2120/model_080422_2120.ckpt
860/860 - 464s - loss: 0.0808 - tp: 39935.0000 - fp: 166435.0000 - tn: 27157480.0000 - fn: 233018.0000 - accuracy: 0.9855 - precision: 0.1935 - recall: 0.1463 - auc: 0.8892 - prc: 0.1059 - weighted_accuracy: 0.9536 - val_loss: 0.0748 - val_tp: 5860.0000 - val_fp: 18518.0000 - val_tn: 3062352.0000 - val_fn: 25677.0000 - val_accuracy: 0.9858 - val_precision: 0.2404 - val_recall: 0.1858 - val_auc: 0.9132 - val_prc: 0.1551 - val_weighted_accuracy: 0.9546 - 464s/epoch - 539ms/step
Epoch 3/30

Epoch 3: val_prc did not improve from 0.15508
860/860 - 463s - loss: 0.0790 - tp: 38774.0000 - fp: 153908.0000 - tn: 27125744.0000 - fn: 233840.0000 - accuracy: 0.9859 - precision: 0.2012 - recall: 0.1422 - auc: 0.8974 - prc: 0.1080 - weighted_accuracy: 0.9538 - val_loss: 0.0782 - val_tp: 3881.0000 - val_fp: 6967.0000 - val_tn: 3073903.0000 - val_fn: 27656.0000 - val_accuracy: 0.9889 - val_precision: 0.3578 - val_recall: 0.1231 - val_auc: 0.9052 - val_prc: 0.1445 - val_weighted_accuracy: 0.9552 - 463s/epoch - 539ms/step
Epoch 4/30

Epoch 4: val_prc improved from 0.15508 to 0.17807, saving model to /n/eddy_lab/users/rangerkuang/CC_project/checkpoints/ckp_080422_2120/model_080422_2120.ckpt
860/860 - 464s - loss: 0.0733 - tp: 50215.0000 - fp: 168304.0000 - tn: 27115308.0000 - fn: 222364.0000 - accuracy: 0.9858 - precision: 0.2298 - recall: 0.1842 - auc: 0.9120 - prc: 0.1404 - weighted_accuracy: 0.9553 - val_loss: 0.0710 - val_tp: 7221.0000 - val_fp: 20141.0000 - val_tn: 3060729.0000 - val_fn: 24316.0000 - val_accuracy: 0.9857 - val_precision: 0.2639 - val_recall: 0.2290 - val_auc: 0.9226 - val_prc: 0.1781 - val_weighted_accuracy: 0.9562 - 464s/epoch - 540ms/step
Epoch 5/30

Epoch 5: val_prc improved from 0.17807 to 0.18546, saving model to /n/eddy_lab/users/rangerkuang/CC_project/checkpoints/ckp_080422_2120/model_080422_2120.ckpt
860/860 - 464s - loss: 0.0706 - tp: 58934.0000 - fp: 191617.0000 - tn: 27092030.0000 - fn: 214672.0000 - accuracy: 0.9853 - precision: 0.2352 - recall: 0.2154 - auc: 0.9195 - prc: 0.1571 - weighted_accuracy: 0.9558 - val_loss: 0.0692 - val_tp: 8224.0000 - val_fp: 24280.0000 - val_tn: 3056590.0000 - val_fn: 23313.0000 - val_accuracy: 0.9847 - val_precision: 0.2530 - val_recall: 0.2608 - val_auc: 0.9258 - val_prc: 0.1855 - val_weighted_accuracy: 0.9565 - 464s/epoch - 539ms/step
Epoch 6/30

Epoch 6: val_prc improved from 0.18546 to 0.19278, saving model to /n/eddy_lab/users/rangerkuang/CC_project/checkpoints/ckp_080422_2120/model_080422_2120.ckpt
860/860 - 457s - loss: 0.0683 - tp: 65967.0000 - fp: 209117.0000 - tn: 27071956.0000 - fn: 207222.0000 - accuracy: 0.9849 - precision: 0.2398 - recall: 0.2415 - auc: 0.9255 - prc: 0.1705 - weighted_accuracy: 0.9565 - val_loss: 0.0677 - val_tp: 10512.0000 - val_fp: 35295.0000 - val_tn: 3045575.0000 - val_fn: 21025.0000 - val_accuracy: 0.9819 - val_precision: 0.2295 - val_recall: 0.3333 - val_auc: 0.9304 - val_prc: 0.1928 - val_weighted_accuracy: 0.9566 - 457s/epoch - 532ms/step
Epoch 7/30

Epoch 7: val_prc improved from 0.19278 to 0.21014, saving model to /n/eddy_lab/users/rangerkuang/CC_project/checkpoints/ckp_080422_2120/model_080422_2120.ckpt
860/860 - 453s - loss: 0.0660 - tp: 72578.0000 - fp: 233589.0000 - tn: 27087728.0000 - fn: 199925.0000 - accuracy: 0.9843 - precision: 0.2371 - recall: 0.2663 - auc: 0.9295 - prc: 0.1785 - weighted_accuracy: 0.9570 - val_loss: 0.0653 - val_tp: 9214.0000 - val_fp: 23954.0000 - val_tn: 3056916.0000 - val_fn: 22323.0000 - val_accuracy: 0.9851 - val_precision: 0.2778 - val_recall: 0.2922 - val_auc: 0.9331 - val_prc: 0.2101 - val_weighted_accuracy: 0.9581 - 453s/epoch - 527ms/step
Epoch 8/30

Epoch 8: val_prc improved from 0.21014 to 0.21055, saving model to /n/eddy_lab/users/rangerkuang/CC_project/checkpoints/ckp_080422_2120/model_080422_2120.ckpt
860/860 - 454s - loss: 0.0649 - tp: 77709.0000 - fp: 244398.0000 - tn: 27028840.0000 - fn: 195759.0000 - accuracy: 0.9840 - precision: 0.2413 - recall: 0.2842 - auc: 0.9324 - prc: 0.1913 - weighted_accuracy: 0.9573 - val_loss: 0.0675 - val_tp: 11003.0000 - val_fp: 36389.0000 - val_tn: 3044481.0000 - val_fn: 20534.0000 - val_accuracy: 0.9817 - val_precision: 0.2322 - val_recall: 0.3489 - val_auc: 0.9356 - val_prc: 0.2105 - val_weighted_accuracy: 0.9571 - 454s/epoch - 527ms/step
Epoch 9/30

Epoch 9: val_prc improved from 0.21055 to 0.23055, saving model to /n/eddy_lab/users/rangerkuang/CC_project/checkpoints/ckp_080422_2120/model_080422_2120.ckpt
860/860 - 453s - loss: 0.0620 - tp: 86044.0000 - fp: 258818.0000 - tn: 27018168.0000 - fn: 186621.0000 - accuracy: 0.9838 - precision: 0.2495 - recall: 0.3156 - auc: 0.9379 - prc: 0.2091 - weighted_accuracy: 0.9584 - val_loss: 0.0628 - val_tp: 10311.0000 - val_fp: 25482.0000 - val_tn: 3055388.0000 - val_fn: 21226.0000 - val_accuracy: 0.9850 - val_precision: 0.2881 - val_recall: 0.3269 - val_auc: 0.9400 - val_prc: 0.2305 - val_weighted_accuracy: 0.9594 - 453s/epoch - 527ms/step
Epoch 10/30

Epoch 10: val_prc improved from 0.23055 to 0.24816, saving model to /n/eddy_lab/users/rangerkuang/CC_project/checkpoints/ckp_080422_2120/model_080422_2120.ckpt
860/860 - 453s - loss: 0.0592 - tp: 94549.0000 - fp: 269267.0000 - tn: 27007298.0000 - fn: 178013.0000 - accuracy: 0.9838 - precision: 0.2599 - recall: 0.3469 - auc: 0.9438 - prc: 0.2279 - weighted_accuracy: 0.9595 - val_loss: 0.0602 - val_tp: 11189.0000 - val_fp: 26624.0000 - val_tn: 3054246.0000 - val_fn: 20348.0000 - val_accuracy: 0.9849 - val_precision: 0.2959 - val_recall: 0.3548 - val_auc: 0.9469 - val_prc: 0.2482 - val_weighted_accuracy: 0.9604 - 453s/epoch - 526ms/step
Epoch 11/30

Epoch 11: val_prc improved from 0.24816 to 0.26446, saving model to /n/eddy_lab/users/rangerkuang/CC_project/checkpoints/ckp_080422_2120/model_080422_2120.ckpt
860/860 - 452s - loss: 0.0554 - tp: 105930.0000 - fp: 285661.0000 - tn: 27038440.0000 - fn: 166854.0000 - accuracy: 0.9836 - precision: 0.2705 - recall: 0.3883 - auc: 0.9495 - prc: 0.2566 - weighted_accuracy: 0.9610 - val_loss: 0.0583 - val_tp: 11498.0000 - val_fp: 23947.0000 - val_tn: 3056923.0000 - val_fn: 20039.0000 - val_accuracy: 0.9859 - val_precision: 0.3244 - val_recall: 0.3646 - val_auc: 0.9484 - val_prc: 0.2645 - val_weighted_accuracy: 0.9617 - 452s/epoch - 526ms/step
Epoch 12/30

Epoch 12: val_prc improved from 0.26446 to 0.27575, saving model to /n/eddy_lab/users/rangerkuang/CC_project/checkpoints/ckp_080422_2120/model_080422_2120.ckpt
860/860 - 453s - loss: 0.0529 - tp: 114913.0000 - fp: 297186.0000 - tn: 27049374.0000 - fn: 158482.0000 - accuracy: 0.9835 - precision: 0.2788 - recall: 0.4203 - auc: 0.9538 - prc: 0.2778 - weighted_accuracy: 0.9621 - val_loss: 0.0569 - val_tp: 15355.0000 - val_fp: 44864.0000 - val_tn: 3036006.0000 - val_fn: 16182.0000 - val_accuracy: 0.9804 - val_precision: 0.2550 - val_recall: 0.4869 - val_auc: 0.9510 - val_prc: 0.2757 - val_weighted_accuracy: 0.9612 - 453s/epoch - 526ms/step
Epoch 13/30

Epoch 13: val_prc improved from 0.27575 to 0.29035, saving model to /n/eddy_lab/users/rangerkuang/CC_project/checkpoints/ckp_080422_2120/model_080422_2120.ckpt
860/860 - 452s - loss: 0.0508 - tp: 122394.0000 - fp: 299894.0000 - tn: 26915614.0000 - fn: 150422.0000 - accuracy: 0.9836 - precision: 0.2898 - recall: 0.4486 - auc: 0.9567 - prc: 0.3002 - weighted_accuracy: 0.9632 - val_loss: 0.0599 - val_tp: 10624.0000 - val_fp: 18818.0000 - val_tn: 3062052.0000 - val_fn: 20913.0000 - val_accuracy: 0.9872 - val_precision: 0.3608 - val_recall: 0.3369 - val_auc: 0.9473 - val_prc: 0.2904 - val_weighted_accuracy: 0.9619 - 452s/epoch - 526ms/step
Epoch 14/30

Epoch 14: val_prc improved from 0.29035 to 0.29808, saving model to /n/eddy_lab/users/rangerkuang/CC_project/checkpoints/ckp_080422_2120/model_080422_2120.ckpt
860/860 - 453s - loss: 0.0486 - tp: 130760.0000 - fp: 308862.0000 - tn: 27033618.0000 - fn: 143865.0000 - accuracy: 0.9836 - precision: 0.2974 - recall: 0.4761 - auc: 0.9598 - prc: 0.3233 - weighted_accuracy: 0.9642 - val_loss: 0.0580 - val_tp: 12386.0000 - val_fp: 25439.0000 - val_tn: 3055431.0000 - val_fn: 19151.0000 - val_accuracy: 0.9857 - val_precision: 0.3275 - val_recall: 0.3927 - val_auc: 0.9498 - val_prc: 0.2981 - val_weighted_accuracy: 0.9626 - 453s/epoch - 527ms/step
Epoch 15/30

Epoch 15: val_prc improved from 0.29808 to 0.29952, saving model to /n/eddy_lab/users/rangerkuang/CC_project/checkpoints/ckp_080422_2120/model_080422_2120.ckpt
860/860 - 451s - loss: 0.0467 - tp: 135763.0000 - fp: 309456.0000 - tn: 26938216.0000 - fn: 137922.0000 - accuracy: 0.9837 - precision: 0.3049 - recall: 0.4961 - auc: 0.9625 - prc: 0.3432 - weighted_accuracy: 0.9651 - val_loss: 0.0565 - val_tp: 15453.0000 - val_fp: 40048.0000 - val_tn: 3040822.0000 - val_fn: 16084.0000 - val_accuracy: 0.9820 - val_precision: 0.2784 - val_recall: 0.4900 - val_auc: 0.9501 - val_prc: 0.2995 - val_weighted_accuracy: 0.9628 - 451s/epoch - 525ms/step
Epoch 16/30

Epoch 16: val_prc improved from 0.29952 to 0.31176, saving model to /n/eddy_lab/users/rangerkuang/CC_project/checkpoints/ckp_080422_2120/model_080422_2120.ckpt
860/860 - 453s - loss: 0.0449 - tp: 141710.0000 - fp: 310093.0000 - tn: 27030974.0000 - fn: 132141.0000 - accuracy: 0.9840 - precision: 0.3137 - recall: 0.5175 - auc: 0.9641 - prc: 0.3587 - weighted_accuracy: 0.9662 - val_loss: 0.0563 - val_tp: 15855.0000 - val_fp: 39536.0000 - val_tn: 3041334.0000 - val_fn: 15682.0000 - val_accuracy: 0.9823 - val_precision: 0.2862 - val_recall: 0.5027 - val_auc: 0.9509 - val_prc: 0.3118 - val_weighted_accuracy: 0.9636 - 453s/epoch - 526ms/step
Epoch 17/30

Epoch 17: val_prc improved from 0.31176 to 0.31848, saving model to /n/eddy_lab/users/rangerkuang/CC_project/checkpoints/ckp_080422_2120/model_080422_2120.ckpt
860/860 - 453s - loss: 0.0437 - tp: 145053.0000 - fp: 302870.0000 - tn: 26906844.0000 - fn: 128076.0000 - accuracy: 0.9843 - precision: 0.3238 - recall: 0.5311 - auc: 0.9654 - prc: 0.3764 - weighted_accuracy: 0.9670 - val_loss: 0.0569 - val_tp: 15700.0000 - val_fp: 37702.0000 - val_tn: 3043168.0000 - val_fn: 15837.0000 - val_accuracy: 0.9828 - val_precision: 0.2940 - val_recall: 0.4978 - val_auc: 0.9515 - val_prc: 0.3185 - val_weighted_accuracy: 0.9639 - 453s/epoch - 526ms/step
Epoch 18/30

Epoch 18: val_prc improved from 0.31848 to 0.32173, saving model to /n/eddy_lab/users/rangerkuang/CC_project/checkpoints/ckp_080422_2120/model_080422_2120.ckpt
860/860 - 452s - loss: 0.0414 - tp: 151392.0000 - fp: 303292.0000 - tn: 27045696.0000 - fn: 121722.0000 - accuracy: 0.9846 - precision: 0.3330 - recall: 0.5543 - auc: 0.9680 - prc: 0.3981 - weighted_accuracy: 0.9682 - val_loss: 0.0557 - val_tp: 16681.0000 - val_fp: 42331.0000 - val_tn: 3038539.0000 - val_fn: 14856.0000 - val_accuracy: 0.9816 - val_precision: 0.2827 - val_recall: 0.5289 - val_auc: 0.9529 - val_prc: 0.3217 - val_weighted_accuracy: 0.9640 - 452s/epoch - 526ms/step
Epoch 19/30

Epoch 19: val_prc improved from 0.32173 to 0.32567, saving model to /n/eddy_lab/users/rangerkuang/CC_project/checkpoints/ckp_080422_2120/model_080422_2120.ckpt
860/860 - 451s - loss: 0.0408 - tp: 153796.0000 - fp: 302934.0000 - tn: 26965380.0000 - fn: 119093.0000 - accuracy: 0.9847 - precision: 0.3367 - recall: 0.5636 - auc: 0.9689 - prc: 0.4051 - weighted_accuracy: 0.9686 - val_loss: 0.0589 - val_tp: 14387.0000 - val_fp: 27279.0000 - val_tn: 3053591.0000 - val_fn: 17150.0000 - val_accuracy: 0.9857 - val_precision: 0.3453 - val_recall: 0.4562 - val_auc: 0.9456 - val_prc: 0.3257 - val_weighted_accuracy: 0.9651 - 451s/epoch - 525ms/step
Epoch 20/30

Epoch 20: val_prc improved from 0.32567 to 0.32983, saving model to /n/eddy_lab/users/rangerkuang/CC_project/checkpoints/ckp_080422_2120/model_080422_2120.ckpt
860/860 - 452s - loss: 0.0393 - tp: 158467.0000 - fp: 302214.0000 - tn: 27039232.0000 - fn: 115306.0000 - accuracy: 0.9849 - precision: 0.3440 - recall: 0.5788 - auc: 0.9703 - prc: 0.4216 - weighted_accuracy: 0.9694 - val_loss: 0.0601 - val_tp: 14283.0000 - val_fp: 26529.0000 - val_tn: 3054341.0000 - val_fn: 17254.0000 - val_accuracy: 0.9859 - val_precision: 0.3500 - val_recall: 0.4529 - val_auc: 0.9482 - val_prc: 0.3298 - val_weighted_accuracy: 0.9652 - 452s/epoch - 525ms/step
Epoch 21/30

Epoch 21: val_prc did not improve from 0.32983
860/860 - 452s - loss: 0.0377 - tp: 163357.0000 - fp: 297149.0000 - tn: 26982736.0000 - fn: 110042.0000 - accuracy: 0.9852 - precision: 0.3547 - recall: 0.5975 - auc: 0.9722 - prc: 0.4434 - weighted_accuracy: 0.9704 - val_loss: 0.0593 - val_tp: 17568.0000 - val_fp: 50922.0000 - val_tn: 3029948.0000 - val_fn: 13969.0000 - val_accuracy: 0.9792 - val_precision: 0.2565 - val_recall: 0.5571 - val_auc: 0.9527 - val_prc: 0.3166 - val_weighted_accuracy: 0.9627 - 452s/epoch - 526ms/step
Epoch 22/30

Epoch 22: val_prc did not improve from 0.32983
860/860 - 451s - loss: 0.0373 - tp: 164768.0000 - fp: 296638.0000 - tn: 26935026.0000 - fn: 107723.0000 - accuracy: 0.9853 - precision: 0.3571 - recall: 0.6047 - auc: 0.9730 - prc: 0.4455 - weighted_accuracy: 0.9708 - val_loss: 0.0648 - val_tp: 13665.0000 - val_fp: 27347.0000 - val_tn: 3053523.0000 - val_fn: 17872.0000 - val_accuracy: 0.9855 - val_precision: 0.3332 - val_recall: 0.4333 - val_auc: 0.9410 - val_prc: 0.3150 - val_weighted_accuracy: 0.9640 - 451s/epoch - 525ms/step
Epoch 23/30

Epoch 23: val_prc did not improve from 0.32983
860/860 - 451s - loss: 0.0359 - tp: 168102.0000 - fp: 289270.0000 - tn: 26964868.0000 - fn: 104641.0000 - accuracy: 0.9857 - precision: 0.3675 - recall: 0.6163 - auc: 0.9746 - prc: 0.4617 - weighted_accuracy: 0.9716 - val_loss: 0.0615 - val_tp: 15488.0000 - val_fp: 33280.0000 - val_tn: 3047590.0000 - val_fn: 16049.0000 - val_accuracy: 0.9842 - val_precision: 0.3176 - val_recall: 0.4911 - val_auc: 0.9453 - val_prc: 0.3259 - val_weighted_accuracy: 0.9649 - 451s/epoch - 524ms/step
Epoch 24/30

Epoch 24: val_prc did not improve from 0.32983
860/860 - 452s - loss: 0.0354 - tp: 170309.0000 - fp: 292521.0000 - tn: 26982562.0000 - fn: 102803.0000 - accuracy: 0.9857 - precision: 0.3680 - recall: 0.6236 - auc: 0.9753 - prc: 0.4679 - weighted_accuracy: 0.9718 - val_loss: 0.0630 - val_tp: 13706.0000 - val_fp: 24417.0000 - val_tn: 3056453.0000 - val_fn: 17831.0000 - val_accuracy: 0.9864 - val_precision: 0.3595 - val_recall: 0.4346 - val_auc: 0.9435 - val_prc: 0.3220 - val_weighted_accuracy: 0.9649 - 452s/epoch - 526ms/step
Epoch 25/30

Epoch 25: val_prc did not improve from 0.32983
860/860 - 451s - loss: 0.0342 - tp: 174291.0000 - fp: 289149.0000 - tn: 27048700.0000 - fn: 99858.0000 - accuracy: 0.9859 - precision: 0.3761 - recall: 0.6358 - auc: 0.9765 - prc: 0.4808 - weighted_accuracy: 0.9725 - val_loss: 0.0661 - val_tp: 15533.0000 - val_fp: 33394.0000 - val_tn: 3047476.0000 - val_fn: 16004.0000 - val_accuracy: 0.9841 - val_precision: 0.3175 - val_recall: 0.4925 - val_auc: 0.9364 - val_prc: 0.3241 - val_weighted_accuracy: 0.9650 - 451s/epoch - 525ms/step
Epoch 25: early stopping
=====TEST RESULTS======
109/109 - 51s - loss: 0.0577 - tp: 13598.0000 - fp: 28444.0000 - tn: 3437897.0000 - fn: 19831.0000 - accuracy: 0.9862 - precision: 0.3234 - recall: 0.4068 - auc: 0.9459 - prc: 0.2956 - weighted_accuracy: 0.9649 - 51s/epoch - 470ms/step
