Model: "sequential"
_________________________________________________________________
 Layer (type)                Output Shape              Param #   
=================================================================
 embedding (Embedding)       (None, None, 32)          832       
                                                                 
 bidirectional (Bidirectiona  (None, None, 128)        49664     
 l)                                                              
                                                                 
 dense (Dense)               (None, None, 1)           129       
                                                                 
=================================================================
Total params: 50,625
Trainable params: 50,625
Non-trainable params: 0
_________________________________________________________________
None
Epoch 1/30

Epoch 1: val_prc improved from -inf to 0.10995, saving model to /n/eddy_lab/users/rangerkuang/CC_project/uq_checkpoints/ckp_080322_1500/model_080322_1500.ckpt
860/860 - 281s - loss: 0.1614 - tp: 27578.0000 - fp: 225951.0000 - tn: 13350938.0000 - fn: 111159.0000 - accuracy: 0.9754 - precision: 0.1088 - recall: 0.1988 - auc: 0.8142 - prc: 0.0649 - weighted_accuracy: 0.9106 - val_loss: 0.1455 - val_tp: 6092.0000 - val_fp: 47634.0000 - val_tn: 1500346.0000 - val_fn: 11164.0000 - val_accuracy: 0.9624 - val_precision: 0.1134 - val_recall: 0.3530 - val_auc: 0.8779 - val_prc: 0.1100 - val_weighted_accuracy: 0.9074 - 281s/epoch - 327ms/step
Epoch 2/30

Epoch 2: val_prc improved from 0.10995 to 0.13593, saving model to /n/eddy_lab/users/rangerkuang/CC_project/uq_checkpoints/ckp_080322_1500/model_080322_1500.ckpt
860/860 - 264s - loss: 0.1302 - tp: 40530.0000 - fp: 309552.0000 - tn: 13421578.0000 - fn: 93543.0000 - accuracy: 0.9709 - precision: 0.1158 - recall: 0.3023 - auc: 0.8825 - prc: 0.0909 - weighted_accuracy: 0.9174 - val_loss: 0.1329 - val_tp: 6291.0000 - val_fp: 36826.0000 - val_tn: 1511154.0000 - val_fn: 10965.0000 - val_accuracy: 0.9695 - val_precision: 0.1459 - val_recall: 0.3646 - val_auc: 0.9007 - val_prc: 0.1359 - val_weighted_accuracy: 0.9149 - 264s/epoch - 307ms/step
Epoch 3/30

Epoch 3: val_prc improved from 0.13593 to 0.14631, saving model to /n/eddy_lab/users/rangerkuang/CC_project/uq_checkpoints/ckp_080322_1500/model_080322_1500.ckpt
860/860 - 264s - loss: 0.1291 - tp: 46820.0000 - fp: 332327.0000 - tn: 13249319.0000 - fn: 91998.0000 - accuracy: 0.9691 - precision: 0.1235 - recall: 0.3373 - auc: 0.8937 - prc: 0.1057 - weighted_accuracy: 0.9163 - val_loss: 0.1297 - val_tp: 6869.0000 - val_fp: 40257.0000 - val_tn: 1507723.0000 - val_fn: 10387.0000 - val_accuracy: 0.9676 - val_precision: 0.1458 - val_recall: 0.3981 - val_auc: 0.9062 - val_prc: 0.1463 - val_weighted_accuracy: 0.9162 - 264s/epoch - 307ms/step
Epoch 4/30

Epoch 4: val_prc improved from 0.14631 to 0.15625, saving model to /n/eddy_lab/users/rangerkuang/CC_project/uq_checkpoints/ckp_080322_1500/model_080322_1500.ckpt
860/860 - 263s - loss: 0.1196 - tp: 49225.0000 - fp: 335293.0000 - tn: 13381976.0000 - fn: 85137.0000 - accuracy: 0.9696 - precision: 0.1280 - recall: 0.3664 - auc: 0.9039 - prc: 0.1130 - weighted_accuracy: 0.9212 - val_loss: 0.1254 - val_tp: 6586.0000 - val_fp: 34241.0000 - val_tn: 1513739.0000 - val_fn: 10670.0000 - val_accuracy: 0.9713 - val_precision: 0.1613 - val_recall: 0.3817 - val_auc: 0.9104 - val_prc: 0.1563 - val_weighted_accuracy: 0.9181 - 263s/epoch - 306ms/step
Epoch 5/30

Epoch 5: val_prc did not improve from 0.15625
860/860 - 264s - loss: 0.1240 - tp: 50970.0000 - fp: 345608.0000 - tn: 13234058.0000 - fn: 87734.0000 - accuracy: 0.9684 - precision: 0.1285 - recall: 0.3675 - auc: 0.9018 - prc: 0.1164 - weighted_accuracy: 0.9183 - val_loss: 0.1380 - val_tp: 4875.0000 - val_fp: 21350.0000 - val_tn: 1526630.0000 - val_fn: 12381.0000 - val_accuracy: 0.9784 - val_precision: 0.1859 - val_recall: 0.2825 - val_auc: 0.8966 - val_prc: 0.1520 - val_weighted_accuracy: 0.9156 - 264s/epoch - 307ms/step
Epoch 6/30

Epoch 6: val_prc improved from 0.15625 to 0.16604, saving model to /n/eddy_lab/users/rangerkuang/CC_project/uq_checkpoints/ckp_080322_1500/model_080322_1500.ckpt
860/860 - 262s - loss: 0.1164 - tp: 52643.0000 - fp: 345001.0000 - tn: 13380441.0000 - fn: 82012.0000 - accuracy: 0.9692 - precision: 0.1324 - recall: 0.3909 - auc: 0.9104 - prc: 0.1215 - weighted_accuracy: 0.9227 - val_loss: 0.1209 - val_tp: 8485.0000 - val_fp: 49265.0000 - val_tn: 1498715.0000 - val_fn: 8771.0000 - val_accuracy: 0.9629 - val_precision: 0.1469 - val_recall: 0.4917 - val_auc: 0.9174 - val_prc: 0.1660 - val_weighted_accuracy: 0.9204 - 262s/epoch - 305ms/step
Epoch 7/30

Epoch 7: val_prc did not improve from 0.16604
860/860 - 261s - loss: 0.1207 - tp: 54097.0000 - fp: 348110.0000 - tn: 13214887.0000 - fn: 85290.0000 - accuracy: 0.9684 - precision: 0.1345 - recall: 0.3881 - auc: 0.9082 - prc: 0.1251 - weighted_accuracy: 0.9197 - val_loss: 0.1431 - val_tp: 4001.0000 - val_fp: 16203.0000 - val_tn: 1531777.0000 - val_fn: 13255.0000 - val_accuracy: 0.9812 - val_precision: 0.1980 - val_recall: 0.2319 - val_auc: 0.8900 - val_prc: 0.1491 - val_weighted_accuracy: 0.9135 - 261s/epoch - 304ms/step
Epoch 8/30

Epoch 8: val_prc did not improve from 0.16604
860/860 - 263s - loss: 0.1152 - tp: 51181.0000 - fp: 325402.0000 - tn: 13411206.0000 - fn: 82803.0000 - accuracy: 0.9706 - precision: 0.1359 - recall: 0.3820 - auc: 0.9109 - prc: 0.1227 - weighted_accuracy: 0.9235 - val_loss: 0.1257 - val_tp: 6382.0000 - val_fp: 33645.0000 - val_tn: 1514335.0000 - val_fn: 10874.0000 - val_accuracy: 0.9716 - val_precision: 0.1594 - val_recall: 0.3698 - val_auc: 0.9105 - val_prc: 0.1560 - val_weighted_accuracy: 0.9172 - 263s/epoch - 306ms/step
Epoch 9/30

Epoch 9: val_prc did not improve from 0.16604
860/860 - 262s - loss: 0.1184 - tp: 56747.0000 - fp: 371150.0000 - tn: 13200354.0000 - fn: 82428.0000 - accuracy: 0.9669 - precision: 0.1326 - recall: 0.4077 - auc: 0.9121 - prc: 0.1241 - weighted_accuracy: 0.9201 - val_loss: 0.1211 - val_tp: 8307.0000 - val_fp: 48602.0000 - val_tn: 1499378.0000 - val_fn: 8949.0000 - val_accuracy: 0.9632 - val_precision: 0.1460 - val_recall: 0.4814 - val_auc: 0.9181 - val_prc: 0.1656 - val_weighted_accuracy: 0.9197 - 262s/epoch - 305ms/step
Epoch 10/30

Epoch 10: val_prc did not improve from 0.16604
860/860 - 260s - loss: 0.1116 - tp: 56264.0000 - fp: 341701.0000 - tn: 13375486.0000 - fn: 78602.0000 - accuracy: 0.9697 - precision: 0.1414 - recall: 0.4172 - auc: 0.9174 - prc: 0.1327 - weighted_accuracy: 0.9251 - val_loss: 0.1202 - val_tp: 7730.0000 - val_fp: 43284.0000 - val_tn: 1504696.0000 - val_fn: 9526.0000 - val_accuracy: 0.9663 - val_precision: 0.1515 - val_recall: 0.4480 - val_auc: 0.9185 - val_prc: 0.1656 - val_weighted_accuracy: 0.9195 - 260s/epoch - 302ms/step
Epoch 10: early stopping
=====TEST RESULTS======
218/218 - 58s - loss: 0.1130 - tp: 15561.0000 - fp: 104417.0000 - tn: 3357466.0000 - fn: 17542.0000 - accuracy: 0.9651 - precision: 0.1297 - recall: 0.4701 - auc: 0.9180 - prc: 0.1381 - weighted_accuracy: 0.9262 - 58s/epoch - 267ms/step
