Model: "sequential"
_________________________________________________________________
 Layer (type)                Output Shape              Param #   
=================================================================
 embedding (Embedding)       (None, None, 32)          832       
                                                                 
 simple_rnn (SimpleRNN)      (None, None, 64)          6208      
                                                                 
 dense (Dense)               (None, None, 1)           65        
                                                                 
=================================================================
Total params: 7,105
Trainable params: 7,105
Non-trainable params: 0
_________________________________________________________________
None
Epoch 1/30

Epoch 1: val_prc improved from -inf to 0.03856, saving model to /n/eddy_lab/users/rangerkuang/CC_project/uq_checkpoints/ckp_080422_1650/model_080422_1650.ckpt
860/860 - 588s - loss: 0.1222 - tp: 579.0000 - fp: 15175.0000 - tn: 13620116.0000 - fn: 137526.0000 - accuracy: 0.9889 - precision: 0.0368 - recall: 0.0042 - auc: 0.6798 - prc: 0.0207 - weighted_accuracy: 0.9509 - val_loss: 0.1150 - val_tp: 0.0000e+00 - val_fp: 0.0000e+00 - val_tn: 1575981.0000 - val_fn: 16511.0000 - val_accuracy: 0.9896 - val_precision: 0.0000e+00 - val_recall: 0.0000e+00 - val_auc: 0.7446 - val_prc: 0.0386 - val_weighted_accuracy: 0.9502 - 588s/epoch - 683ms/step
Epoch 2/30

Epoch 2: val_prc improved from 0.03856 to 0.04334, saving model to /n/eddy_lab/users/rangerkuang/CC_project/uq_checkpoints/ckp_080422_1650/model_080422_1650.ckpt
860/860 - 589s - loss: 0.1101 - tp: 1422.0000 - fp: 15503.0000 - tn: 13654676.0000 - fn: 133542.0000 - accuracy: 0.9892 - precision: 0.0840 - recall: 0.0105 - auc: 0.7463 - prc: 0.0328 - weighted_accuracy: 0.9524 - val_loss: 0.1135 - val_tp: 0.0000e+00 - val_fp: 0.0000e+00 - val_tn: 1575981.0000 - val_fn: 16511.0000 - val_accuracy: 0.9896 - val_precision: 0.0000e+00 - val_recall: 0.0000e+00 - val_auc: 0.7648 - val_prc: 0.0433 - val_weighted_accuracy: 0.9502 - 589s/epoch - 685ms/step
Epoch 3/30

Epoch 3: val_prc improved from 0.04334 to 0.04678, saving model to /n/eddy_lab/users/rangerkuang/CC_project/uq_checkpoints/ckp_080422_1650/model_080422_1650.ckpt
860/860 - 603s - loss: 0.1072 - tp: 2138.0000 - fp: 23060.0000 - tn: 13606431.0000 - fn: 136019.0000 - accuracy: 0.9884 - precision: 0.0848 - recall: 0.0155 - auc: 0.7641 - prc: 0.0392 - weighted_accuracy: 0.9509 - val_loss: 0.1076 - val_tp: 90.0000 - val_fp: 674.0000 - val_tn: 1575307.0000 - val_fn: 16421.0000 - val_accuracy: 0.9893 - val_precision: 0.1178 - val_recall: 0.0055 - val_auc: 0.7812 - val_prc: 0.0468 - val_weighted_accuracy: 0.9501 - 603s/epoch - 701ms/step
Epoch 4/30

Epoch 4: val_prc did not improve from 0.04678
860/860 - 588s - loss: 0.1125 - tp: 448.0000 - fp: 5427.0000 - tn: 13668052.0000 - fn: 134954.0000 - accuracy: 0.9898 - precision: 0.0763 - recall: 0.0033 - auc: 0.7381 - prc: 0.0302 - weighted_accuracy: 0.9526 - val_loss: 0.1129 - val_tp: 0.0000e+00 - val_fp: 0.0000e+00 - val_tn: 1575981.0000 - val_fn: 16511.0000 - val_accuracy: 0.9896 - val_precision: 0.0000e+00 - val_recall: 0.0000e+00 - val_auc: 0.7634 - val_prc: 0.0376 - val_weighted_accuracy: 0.9502 - 588s/epoch - 684ms/step
Epoch 5/30

Epoch 5: val_prc did not improve from 0.04678
860/860 - 594s - loss: 0.1086 - tp: 1141.0000 - fp: 12403.0000 - tn: 13627225.0000 - fn: 136596.0000 - accuracy: 0.9892 - precision: 0.0842 - recall: 0.0083 - auc: 0.7601 - prc: 0.0361 - weighted_accuracy: 0.9515 - val_loss: 0.1302 - val_tp: 1100.0000 - val_fp: 14690.0000 - val_tn: 1561291.0000 - val_fn: 15411.0000 - val_accuracy: 0.9811 - val_precision: 0.0697 - val_recall: 0.0666 - val_auc: 0.7713 - val_prc: 0.0374 - val_weighted_accuracy: 0.9447 - 594s/epoch - 691ms/step
Epoch 6/30

Epoch 6: val_prc did not improve from 0.04678
860/860 - 586s - loss: 0.1085 - tp: 819.0000 - fp: 8802.0000 - tn: 13664753.0000 - fn: 135063.0000 - accuracy: 0.9896 - precision: 0.0851 - recall: 0.0060 - auc: 0.7616 - prc: 0.0356 - weighted_accuracy: 0.9523 - val_loss: 0.1209 - val_tp: 3.0000 - val_fp: 12.0000 - val_tn: 1575969.0000 - val_fn: 16508.0000 - val_accuracy: 0.9896 - val_precision: 0.2000 - val_recall: 1.8170e-04 - val_auc: 0.7565 - val_prc: 0.0422 - val_weighted_accuracy: 0.9502 - 586s/epoch - 681ms/step
Epoch 7/30

Epoch 7: val_prc improved from 0.04678 to 0.05021, saving model to /n/eddy_lab/users/rangerkuang/CC_project/uq_checkpoints/ckp_080422_1650/model_080422_1650.ckpt
860/860 - 585s - loss: 0.1056 - tp: 5192.0000 - fp: 38530.0000 - tn: 13589246.0000 - fn: 132136.0000 - accuracy: 0.9876 - precision: 0.1188 - recall: 0.0378 - auc: 0.7765 - prc: 0.0444 - weighted_accuracy: 0.9512 - val_loss: 0.1085 - val_tp: 40.0000 - val_fp: 211.0000 - val_tn: 1575770.0000 - val_fn: 16471.0000 - val_accuracy: 0.9895 - val_precision: 0.1594 - val_recall: 0.0024 - val_auc: 0.7848 - val_prc: 0.0502 - val_weighted_accuracy: 0.9502 - 585s/epoch - 680ms/step
Epoch 8/30

Epoch 8: val_prc improved from 0.05021 to 0.05332, saving model to /n/eddy_lab/users/rangerkuang/CC_project/uq_checkpoints/ckp_080422_1650/model_080422_1650.ckpt
860/860 - 582s - loss: 0.1048 - tp: 4307.0000 - fp: 34503.0000 - tn: 13624975.0000 - fn: 131627.0000 - accuracy: 0.9880 - precision: 0.1110 - recall: 0.0317 - auc: 0.7822 - prc: 0.0439 - weighted_accuracy: 0.9517 - val_loss: 0.1057 - val_tp: 1320.0000 - val_fp: 9183.0000 - val_tn: 1566798.0000 - val_fn: 15191.0000 - val_accuracy: 0.9847 - val_precision: 0.1257 - val_recall: 0.0799 - val_auc: 0.7963 - val_prc: 0.0533 - val_weighted_accuracy: 0.9487 - 582s/epoch - 677ms/step
Epoch 9/30

Epoch 9: val_prc did not improve from 0.05332
860/860 - 585s - loss: 0.1087 - tp: 3713.0000 - fp: 30672.0000 - tn: 13620206.0000 - fn: 133471.0000 - accuracy: 0.9881 - precision: 0.1080 - recall: 0.0271 - auc: 0.7672 - prc: 0.0387 - weighted_accuracy: 0.9513 - val_loss: 0.1135 - val_tp: 1.0000 - val_fp: 49.0000 - val_tn: 1575932.0000 - val_fn: 16510.0000 - val_accuracy: 0.9896 - val_precision: 0.0200 - val_recall: 6.0566e-05 - val_auc: 0.7730 - val_prc: 0.0394 - val_weighted_accuracy: 0.9502 - 585s/epoch - 681ms/step
Epoch 10/30

Epoch 10: val_prc did not improve from 0.05332
860/860 - 570s - loss: 0.1078 - tp: 1407.0000 - fp: 12432.0000 - tn: 13640867.0000 - fn: 134532.0000 - accuracy: 0.9893 - precision: 0.1017 - recall: 0.0104 - auc: 0.7620 - prc: 0.0358 - weighted_accuracy: 0.9522 - val_loss: 0.1167 - val_tp: 18.0000 - val_fp: 154.0000 - val_tn: 1575827.0000 - val_fn: 16493.0000 - val_accuracy: 0.9895 - val_precision: 0.1047 - val_recall: 0.0011 - val_auc: 0.7736 - val_prc: 0.0436 - val_weighted_accuracy: 0.9502 - 570s/epoch - 663ms/step
Epoch 11/30

Epoch 11: val_prc did not improve from 0.05332
860/860 - 554s - loss: 0.1080 - tp: 1802.0000 - fp: 17481.0000 - tn: 13645728.0000 - fn: 135566.0000 - accuracy: 0.9889 - precision: 0.0935 - recall: 0.0131 - auc: 0.7710 - prc: 0.0390 - weighted_accuracy: 0.9515 - val_loss: 0.1080 - val_tp: 0.0000e+00 - val_fp: 0.0000e+00 - val_tn: 1575981.0000 - val_fn: 16511.0000 - val_accuracy: 0.9896 - val_precision: 0.0000e+00 - val_recall: 0.0000e+00 - val_auc: 0.7867 - val_prc: 0.0443 - val_weighted_accuracy: 0.9502 - 554s/epoch - 644ms/step
Epoch 12/30

Epoch 12: val_prc did not improve from 0.05332
860/860 - 546s - loss: 0.1066 - tp: 1151.0000 - fp: 10374.0000 - tn: 13624021.0000 - fn: 135215.0000 - accuracy: 0.9894 - precision: 0.0999 - recall: 0.0084 - auc: 0.7716 - prc: 0.0373 - weighted_accuracy: 0.9521 - val_loss: 0.1092 - val_tp: 117.0000 - val_fp: 812.0000 - val_tn: 1575169.0000 - val_fn: 16394.0000 - val_accuracy: 0.9892 - val_precision: 0.1259 - val_recall: 0.0071 - val_auc: 0.7815 - val_prc: 0.0451 - val_weighted_accuracy: 0.9501 - 546s/epoch - 635ms/step
Epoch 13/30

Epoch 13: val_prc did not improve from 0.05332
860/860 - 549s - loss: 0.1060 - tp: 4974.0000 - fp: 40584.0000 - tn: 13633517.0000 - fn: 132136.0000 - accuracy: 0.9875 - precision: 0.1092 - recall: 0.0363 - auc: 0.7809 - prc: 0.0431 - weighted_accuracy: 0.9512 - val_loss: 0.1145 - val_tp: 0.0000e+00 - val_fp: 0.0000e+00 - val_tn: 1575981.0000 - val_fn: 16511.0000 - val_accuracy: 0.9896 - val_precision: 0.0000e+00 - val_recall: 0.0000e+00 - val_auc: 0.7662 - val_prc: 0.0334 - val_weighted_accuracy: 0.9502 - 549s/epoch - 638ms/step
Epoch 13: early stopping
=====TEST RESULTS======
218/218 - 65s - loss: 0.1003 - tp: 2565.0000 - fp: 19817.0000 - tn: 3443028.0000 - fn: 30865.0000 - accuracy: 0.9855 - precision: 0.1146 - recall: 0.0767 - auc: 0.8013 - prc: 0.0504 - weighted_accuracy: 0.9520 - 65s/epoch - 298ms/step
