Model: "sequential"
_________________________________________________________________
 Layer (type)                Output Shape              Param #   
=================================================================
 embedding (Embedding)       (None, None, 32)          832       
                                                                 
 lstm (LSTM)                 (None, None, 64)          24832     
                                                                 
 dense (Dense)               (None, None, 1)           65        
                                                                 
=================================================================
Total params: 25,729
Trainable params: 25,729
Non-trainable params: 0
_________________________________________________________________
None
Epoch 1/30

Epoch 1: val_prc improved from -inf to 0.04978, saving model to /n/eddy_lab/users/rangerkuang/CC_project/uq_checkpoints/ckp_080422_2100/model_080422_2100.ckpt
860/860 - 239s - loss: 0.1203 - tp: 2654.0000 - fp: 24157.0000 - tn: 13664997.0000 - fn: 136208.0000 - accuracy: 0.9884 - precision: 0.0990 - recall: 0.0191 - auc: 0.7066 - prc: 0.0265 - weighted_accuracy: 0.9510 - val_loss: 0.0999 - val_tp: 606.0000 - val_fp: 2917.0000 - val_tn: 1574501.0000 - val_fn: 14748.0000 - val_accuracy: 0.9889 - val_precision: 0.1720 - val_recall: 0.0395 - val_auc: 0.7678 - val_prc: 0.0498 - val_weighted_accuracy: 0.9537 - 239s/epoch - 278ms/step
Epoch 2/30

Epoch 2: val_prc improved from 0.04978 to 0.05855, saving model to /n/eddy_lab/users/rangerkuang/CC_project/uq_checkpoints/ckp_080422_2100/model_080422_2100.ckpt
860/860 - 229s - loss: 0.1014 - tp: 8915.0000 - fp: 58440.0000 - tn: 13598726.0000 - fn: 125653.0000 - accuracy: 0.9867 - precision: 0.1324 - recall: 0.0662 - auc: 0.7762 - prc: 0.0509 - weighted_accuracy: 0.9521 - val_loss: 0.0975 - val_tp: 1873.0000 - val_fp: 12514.0000 - val_tn: 1564904.0000 - val_fn: 13481.0000 - val_accuracy: 0.9837 - val_precision: 0.1302 - val_recall: 0.1220 - val_auc: 0.7822 - val_prc: 0.0586 - val_weighted_accuracy: 0.9517 - 229s/epoch - 267ms/step
Epoch 3/30

Epoch 3: val_prc improved from 0.05855 to 0.06219, saving model to /n/eddy_lab/users/rangerkuang/CC_project/uq_checkpoints/ckp_080422_2100/model_080422_2100.ckpt
860/860 - 234s - loss: 0.1020 - tp: 9228.0000 - fp: 54650.0000 - tn: 13593366.0000 - fn: 130000.0000 - accuracy: 0.9866 - precision: 0.1445 - recall: 0.0663 - auc: 0.7961 - prc: 0.0589 - weighted_accuracy: 0.9509 - val_loss: 0.0938 - val_tp: 528.0000 - val_fp: 1964.0000 - val_tn: 1575454.0000 - val_fn: 14826.0000 - val_accuracy: 0.9895 - val_precision: 0.2119 - val_recall: 0.0344 - val_auc: 0.8063 - val_prc: 0.0622 - val_weighted_accuracy: 0.9540 - 234s/epoch - 273ms/step
Epoch 4/30

Epoch 4: val_prc improved from 0.06219 to 0.06480, saving model to /n/eddy_lab/users/rangerkuang/CC_project/uq_checkpoints/ckp_080422_2100/model_080422_2100.ckpt
860/860 - 227s - loss: 0.0956 - tp: 11423.0000 - fp: 66304.0000 - tn: 13552310.0000 - fn: 121922.0000 - accuracy: 0.9863 - precision: 0.1470 - recall: 0.0857 - auc: 0.8133 - prc: 0.0626 - weighted_accuracy: 0.9527 - val_loss: 0.0940 - val_tp: 2083.0000 - val_fp: 12977.0000 - val_tn: 1564441.0000 - val_fn: 13271.0000 - val_accuracy: 0.9835 - val_precision: 0.1383 - val_recall: 0.1357 - val_auc: 0.8050 - val_prc: 0.0648 - val_weighted_accuracy: 0.9520 - 227s/epoch - 264ms/step
Epoch 5/30

Epoch 5: val_prc did not improve from 0.06480
860/860 - 228s - loss: 0.0980 - tp: 13382.0000 - fp: 74171.0000 - tn: 13609372.0000 - fn: 125443.0000 - accuracy: 0.9856 - precision: 0.1528 - recall: 0.0964 - auc: 0.8222 - prc: 0.0672 - weighted_accuracy: 0.9512 - val_loss: 0.0935 - val_tp: 1890.0000 - val_fp: 12056.0000 - val_tn: 1565362.0000 - val_fn: 13464.0000 - val_accuracy: 0.9840 - val_precision: 0.1355 - val_recall: 0.1231 - val_auc: 0.8023 - val_prc: 0.0643 - val_weighted_accuracy: 0.9520 - 228s/epoch - 265ms/step
Epoch 6/30

Epoch 6: val_prc improved from 0.06480 to 0.07250, saving model to /n/eddy_lab/users/rangerkuang/CC_project/uq_checkpoints/ckp_080422_2100/model_080422_2100.ckpt
860/860 - 227s - loss: 0.0923 - tp: 13020.0000 - fp: 71995.0000 - tn: 13560705.0000 - fn: 121559.0000 - accuracy: 0.9859 - precision: 0.1531 - recall: 0.0967 - auc: 0.8378 - prc: 0.0698 - weighted_accuracy: 0.9525 - val_loss: 0.0904 - val_tp: 1835.0000 - val_fp: 9987.0000 - val_tn: 1567431.0000 - val_fn: 13519.0000 - val_accuracy: 0.9852 - val_precision: 0.1552 - val_recall: 0.1195 - val_auc: 0.8362 - val_prc: 0.0725 - val_weighted_accuracy: 0.9531 - 227s/epoch - 264ms/step
Epoch 7/30

Epoch 7: val_prc did not improve from 0.07250
860/860 - 229s - loss: 0.0943 - tp: 14253.0000 - fp: 74432.0000 - tn: 13596961.0000 - fn: 124096.0000 - accuracy: 0.9856 - precision: 0.1607 - recall: 0.1030 - auc: 0.8431 - prc: 0.0746 - weighted_accuracy: 0.9516 - val_loss: 0.0904 - val_tp: 2090.0000 - val_fp: 13382.0000 - val_tn: 1564036.0000 - val_fn: 13264.0000 - val_accuracy: 0.9833 - val_precision: 0.1351 - val_recall: 0.1361 - val_auc: 0.8426 - val_prc: 0.0701 - val_weighted_accuracy: 0.9518 - 229s/epoch - 266ms/step
Epoch 8/30

Epoch 8: val_prc improved from 0.07250 to 0.07823, saving model to /n/eddy_lab/users/rangerkuang/CC_project/uq_checkpoints/ckp_080422_2100/model_080422_2100.ckpt
860/860 - 228s - loss: 0.0895 - tp: 14640.0000 - fp: 74851.0000 - tn: 13549699.0000 - fn: 119747.0000 - accuracy: 0.9859 - precision: 0.1636 - recall: 0.1089 - auc: 0.8540 - prc: 0.0777 - weighted_accuracy: 0.9529 - val_loss: 0.0884 - val_tp: 1122.0000 - val_fp: 4700.0000 - val_tn: 1572718.0000 - val_fn: 14232.0000 - val_accuracy: 0.9881 - val_precision: 0.1927 - val_recall: 0.0731 - val_auc: 0.8407 - val_prc: 0.0782 - val_weighted_accuracy: 0.9541 - 228s/epoch - 265ms/step
Epoch 9/30

Epoch 9: val_prc improved from 0.07823 to 0.08292, saving model to /n/eddy_lab/users/rangerkuang/CC_project/uq_checkpoints/ckp_080422_2100/model_080422_2100.ckpt
860/860 - 228s - loss: 0.0921 - tp: 14973.0000 - fp: 70125.0000 - tn: 13611387.0000 - fn: 123073.0000 - accuracy: 0.9860 - precision: 0.1760 - recall: 0.1085 - auc: 0.8529 - prc: 0.0807 - weighted_accuracy: 0.9523 - val_loss: 0.0876 - val_tp: 1380.0000 - val_fp: 5964.0000 - val_tn: 1571454.0000 - val_fn: 13974.0000 - val_accuracy: 0.9875 - val_precision: 0.1879 - val_recall: 0.0899 - val_auc: 0.8545 - val_prc: 0.0829 - val_weighted_accuracy: 0.9542 - 228s/epoch - 265ms/step
Epoch 10/30

Epoch 10: val_prc did not improve from 0.08292
860/860 - 228s - loss: 0.0874 - tp: 15679.0000 - fp: 72279.0000 - tn: 13548655.0000 - fn: 119481.0000 - accuracy: 0.9861 - precision: 0.1783 - recall: 0.1160 - auc: 0.8646 - prc: 0.0863 - weighted_accuracy: 0.9532 - val_loss: 0.0881 - val_tp: 2688.0000 - val_fp: 17160.0000 - val_tn: 1560258.0000 - val_fn: 12666.0000 - val_accuracy: 0.9813 - val_precision: 0.1354 - val_recall: 0.1751 - val_auc: 0.8501 - val_prc: 0.0801 - val_weighted_accuracy: 0.9513 - 228s/epoch - 265ms/step
Epoch 11/30

Epoch 11: val_prc improved from 0.08292 to 0.08370, saving model to /n/eddy_lab/users/rangerkuang/CC_project/uq_checkpoints/ckp_080422_2100/model_080422_2100.ckpt
860/860 - 228s - loss: 0.0897 - tp: 16246.0000 - fp: 73328.0000 - tn: 13611577.0000 - fn: 121782.0000 - accuracy: 0.9859 - precision: 0.1814 - recall: 0.1177 - auc: 0.8635 - prc: 0.0880 - weighted_accuracy: 0.9525 - val_loss: 0.0858 - val_tp: 2480.0000 - val_fp: 14723.0000 - val_tn: 1562695.0000 - val_fn: 12874.0000 - val_accuracy: 0.9827 - val_precision: 0.1442 - val_recall: 0.1615 - val_auc: 0.8567 - val_prc: 0.0837 - val_weighted_accuracy: 0.9522 - 228s/epoch - 265ms/step
Epoch 12/30

Epoch 12: val_prc improved from 0.08370 to 0.08782, saving model to /n/eddy_lab/users/rangerkuang/CC_project/uq_checkpoints/ckp_080422_2100/model_080422_2100.ckpt
860/860 - 227s - loss: 0.0854 - tp: 16565.0000 - fp: 75088.0000 - tn: 13561551.0000 - fn: 118515.0000 - accuracy: 0.9859 - precision: 0.1807 - recall: 0.1226 - auc: 0.8713 - prc: 0.0910 - weighted_accuracy: 0.9533 - val_loss: 0.0836 - val_tp: 1227.0000 - val_fp: 4550.0000 - val_tn: 1572868.0000 - val_fn: 14127.0000 - val_accuracy: 0.9883 - val_precision: 0.2124 - val_recall: 0.0799 - val_auc: 0.8618 - val_prc: 0.0878 - val_weighted_accuracy: 0.9545 - 227s/epoch - 264ms/step
Epoch 13/30

Epoch 13: val_prc did not improve from 0.08782
860/860 - 229s - loss: 0.0870 - tp: 17919.0000 - fp: 74515.0000 - tn: 13582178.0000 - fn: 119401.0000 - accuracy: 0.9859 - precision: 0.1939 - recall: 0.1305 - auc: 0.8725 - prc: 0.0975 - weighted_accuracy: 0.9532 - val_loss: 0.0882 - val_tp: 1436.0000 - val_fp: 5459.0000 - val_tn: 1571959.0000 - val_fn: 13918.0000 - val_accuracy: 0.9878 - val_precision: 0.2083 - val_recall: 0.0935 - val_auc: 0.8529 - val_prc: 0.0839 - val_weighted_accuracy: 0.9546 - 229s/epoch - 266ms/step
Epoch 14/30

Epoch 14: val_prc improved from 0.08782 to 0.09404, saving model to /n/eddy_lab/users/rangerkuang/CC_project/uq_checkpoints/ckp_080422_2100/model_080422_2100.ckpt
860/860 - 228s - loss: 0.0838 - tp: 18331.0000 - fp: 79609.0000 - tn: 13553007.0000 - fn: 117992.0000 - accuracy: 0.9856 - precision: 0.1872 - recall: 0.1345 - auc: 0.8781 - prc: 0.0982 - weighted_accuracy: 0.9532 - val_loss: 0.0827 - val_tp: 2062.0000 - val_fp: 9563.0000 - val_tn: 1567855.0000 - val_fn: 13292.0000 - val_accuracy: 0.9857 - val_precision: 0.1774 - val_recall: 0.1343 - val_auc: 0.8711 - val_prc: 0.0940 - val_weighted_accuracy: 0.9540 - 228s/epoch - 265ms/step
Epoch 15/30

Epoch 15: val_prc improved from 0.09404 to 0.10345, saving model to /n/eddy_lab/users/rangerkuang/CC_project/uq_checkpoints/ckp_080422_2100/model_080422_2100.ckpt
860/860 - 228s - loss: 0.0852 - tp: 20003.0000 - fp: 82346.0000 - tn: 13618365.0000 - fn: 117001.0000 - accuracy: 0.9856 - precision: 0.1954 - recall: 0.1460 - auc: 0.8787 - prc: 0.1023 - weighted_accuracy: 0.9536 - val_loss: 0.0804 - val_tp: 1769.0000 - val_fp: 6916.0000 - val_tn: 1570502.0000 - val_fn: 13585.0000 - val_accuracy: 0.9871 - val_precision: 0.2037 - val_recall: 0.1152 - val_auc: 0.8777 - val_prc: 0.1035 - val_weighted_accuracy: 0.9548 - 228s/epoch - 266ms/step
Epoch 16/30

Epoch 16: val_prc did not improve from 0.10345
860/860 - 227s - loss: 0.0810 - tp: 20201.0000 - fp: 83482.0000 - tn: 13499452.0000 - fn: 114388.0000 - accuracy: 0.9856 - precision: 0.1948 - recall: 0.1501 - auc: 0.8863 - prc: 0.1082 - weighted_accuracy: 0.9540 - val_loss: 0.0811 - val_tp: 2442.0000 - val_fp: 11960.0000 - val_tn: 1565458.0000 - val_fn: 12912.0000 - val_accuracy: 0.9844 - val_precision: 0.1696 - val_recall: 0.1590 - val_auc: 0.8752 - val_prc: 0.0978 - val_weighted_accuracy: 0.9537 - 227s/epoch - 264ms/step
Epoch 17/30

Epoch 17: val_prc improved from 0.10345 to 0.11004, saving model to /n/eddy_lab/users/rangerkuang/CC_project/uq_checkpoints/ckp_080422_2100/model_080422_2100.ckpt
860/860 - 228s - loss: 0.0835 - tp: 22456.0000 - fp: 90078.0000 - tn: 13598153.0000 - fn: 114958.0000 - accuracy: 0.9852 - precision: 0.1995 - recall: 0.1634 - auc: 0.8848 - prc: 0.1100 - weighted_accuracy: 0.9537 - val_loss: 0.0795 - val_tp: 2685.0000 - val_fp: 11076.0000 - val_tn: 1566342.0000 - val_fn: 12669.0000 - val_accuracy: 0.9851 - val_precision: 0.1951 - val_recall: 0.1749 - val_auc: 0.8827 - val_prc: 0.1100 - val_weighted_accuracy: 0.9550 - 228s/epoch - 265ms/step
Epoch 18/30

Epoch 18: val_prc did not improve from 0.11004
860/860 - 226s - loss: 0.0801 - tp: 23499.0000 - fp: 91319.0000 - tn: 13516175.0000 - fn: 112933.0000 - accuracy: 0.9851 - precision: 0.2047 - recall: 0.1722 - auc: 0.8901 - prc: 0.1166 - weighted_accuracy: 0.9541 - val_loss: 0.0813 - val_tp: 1881.0000 - val_fp: 7743.0000 - val_tn: 1569675.0000 - val_fn: 13473.0000 - val_accuracy: 0.9867 - val_precision: 0.1954 - val_recall: 0.1225 - val_auc: 0.8737 - val_prc: 0.0940 - val_weighted_accuracy: 0.9546 - 226s/epoch - 263ms/step
Epoch 19/30

Epoch 19: val_prc improved from 0.11004 to 0.11888, saving model to /n/eddy_lab/users/rangerkuang/CC_project/uq_checkpoints/ckp_080422_2100/model_080422_2100.ckpt
860/860 - 227s - loss: 0.0814 - tp: 24861.0000 - fp: 91586.0000 - tn: 13616945.0000 - fn: 111892.0000 - accuracy: 0.9853 - precision: 0.2135 - recall: 0.1818 - auc: 0.8898 - prc: 0.1217 - weighted_accuracy: 0.9548 - val_loss: 0.0772 - val_tp: 2120.0000 - val_fp: 6683.0000 - val_tn: 1570735.0000 - val_fn: 13234.0000 - val_accuracy: 0.9875 - val_precision: 0.2408 - val_recall: 0.1381 - val_auc: 0.8875 - val_prc: 0.1189 - val_weighted_accuracy: 0.9560 - 227s/epoch - 264ms/step
Epoch 20/30

Epoch 20: val_prc did not improve from 0.11888
860/860 - 223s - loss: 0.0785 - tp: 26265.0000 - fp: 98538.0000 - tn: 13495197.0000 - fn: 110500.0000 - accuracy: 0.9848 - precision: 0.2105 - recall: 0.1920 - auc: 0.8946 - prc: 0.1262 - weighted_accuracy: 0.9544 - val_loss: 0.0808 - val_tp: 2608.0000 - val_fp: 11686.0000 - val_tn: 1565732.0000 - val_fn: 12746.0000 - val_accuracy: 0.9847 - val_precision: 0.1825 - val_recall: 0.1699 - val_auc: 0.8759 - val_prc: 0.1060 - val_weighted_accuracy: 0.9544 - 223s/epoch - 260ms/step
Epoch 21/30

Epoch 21: val_prc improved from 0.11888 to 0.12739, saving model to /n/eddy_lab/users/rangerkuang/CC_project/uq_checkpoints/ckp_080422_2100/model_080422_2100.ckpt
860/860 - 224s - loss: 0.0799 - tp: 29331.0000 - fp: 105276.0000 - tn: 13607128.0000 - fn: 107490.0000 - accuracy: 0.9846 - precision: 0.2179 - recall: 0.2144 - auc: 0.8951 - prc: 0.1329 - weighted_accuracy: 0.9554 - val_loss: 0.0766 - val_tp: 2427.0000 - val_fp: 7356.0000 - val_tn: 1570062.0000 - val_fn: 12927.0000 - val_accuracy: 0.9873 - val_precision: 0.2481 - val_recall: 0.1581 - val_auc: 0.8895 - val_prc: 0.1274 - val_weighted_accuracy: 0.9565 - 224s/epoch - 261ms/step
Epoch 22/30

Epoch 22: val_prc improved from 0.12739 to 0.13718, saving model to /n/eddy_lab/users/rangerkuang/CC_project/uq_checkpoints/ckp_080422_2100/model_080422_2100.ckpt
860/860 - 223s - loss: 0.0762 - tp: 29430.0000 - fp: 103104.0000 - tn: 13505008.0000 - fn: 107633.0000 - accuracy: 0.9847 - precision: 0.2221 - recall: 0.2147 - auc: 0.8991 - prc: 0.1427 - weighted_accuracy: 0.9551 - val_loss: 0.0768 - val_tp: 3047.0000 - val_fp: 10639.0000 - val_tn: 1566779.0000 - val_fn: 12307.0000 - val_accuracy: 0.9856 - val_precision: 0.2226 - val_recall: 0.1984 - val_auc: 0.8824 - val_prc: 0.1372 - val_weighted_accuracy: 0.9564 - 223s/epoch - 259ms/step
Epoch 23/30

Epoch 23: val_prc improved from 0.13718 to 0.14151, saving model to /n/eddy_lab/users/rangerkuang/CC_project/uq_checkpoints/ckp_080422_2100/model_080422_2100.ckpt
860/860 - 223s - loss: 0.0785 - tp: 32004.0000 - fp: 107678.0000 - tn: 13578278.0000 - fn: 104629.0000 - accuracy: 0.9846 - precision: 0.2291 - recall: 0.2342 - auc: 0.8992 - prc: 0.1480 - weighted_accuracy: 0.9561 - val_loss: 0.0748 - val_tp: 3569.0000 - val_fp: 13570.0000 - val_tn: 1563848.0000 - val_fn: 11785.0000 - val_accuracy: 0.9841 - val_precision: 0.2082 - val_recall: 0.2324 - val_auc: 0.8937 - val_prc: 0.1415 - val_weighted_accuracy: 0.9562 - 223s/epoch - 259ms/step
Epoch 24/30

Epoch 24: val_prc improved from 0.14151 to 0.15605, saving model to /n/eddy_lab/users/rangerkuang/CC_project/uq_checkpoints/ckp_080422_2100/model_080422_2100.ckpt
860/860 - 223s - loss: 0.0742 - tp: 31213.0000 - fp: 105807.0000 - tn: 13544268.0000 - fn: 104311.0000 - accuracy: 0.9848 - precision: 0.2278 - recall: 0.2303 - auc: 0.9020 - prc: 0.1525 - weighted_accuracy: 0.9562 - val_loss: 0.0742 - val_tp: 2718.0000 - val_fp: 7379.0000 - val_tn: 1570039.0000 - val_fn: 12636.0000 - val_accuracy: 0.9874 - val_precision: 0.2692 - val_recall: 0.1770 - val_auc: 0.8917 - val_prc: 0.1561 - val_weighted_accuracy: 0.9573 - 223s/epoch - 259ms/step
Epoch 25/30

Epoch 25: val_prc did not improve from 0.15605
860/860 - 224s - loss: 0.0768 - tp: 35049.0000 - fp: 110539.0000 - tn: 13559406.0000 - fn: 102824.0000 - accuracy: 0.9845 - precision: 0.2407 - recall: 0.2542 - auc: 0.9032 - prc: 0.1627 - weighted_accuracy: 0.9565 - val_loss: 0.0731 - val_tp: 3510.0000 - val_fp: 10672.0000 - val_tn: 1566746.0000 - val_fn: 11844.0000 - val_accuracy: 0.9859 - val_precision: 0.2475 - val_recall: 0.2286 - val_auc: 0.8982 - val_prc: 0.1560 - val_weighted_accuracy: 0.9577 - 224s/epoch - 260ms/step
Epoch 26/30

Epoch 26: val_prc improved from 0.15605 to 0.15782, saving model to /n/eddy_lab/users/rangerkuang/CC_project/uq_checkpoints/ckp_080422_2100/model_080422_2100.ckpt
860/860 - 223s - loss: 0.0729 - tp: 34116.0000 - fp: 108582.0000 - tn: 13521546.0000 - fn: 101915.0000 - accuracy: 0.9847 - precision: 0.2391 - recall: 0.2508 - auc: 0.9061 - prc: 0.1674 - weighted_accuracy: 0.9568 - val_loss: 0.0738 - val_tp: 2450.0000 - val_fp: 6914.0000 - val_tn: 1570504.0000 - val_fn: 12904.0000 - val_accuracy: 0.9876 - val_precision: 0.2616 - val_recall: 0.1596 - val_auc: 0.8958 - val_prc: 0.1578 - val_weighted_accuracy: 0.9568 - 223s/epoch - 260ms/step
Epoch 27/30

Epoch 27: val_prc improved from 0.15782 to 0.16935, saving model to /n/eddy_lab/users/rangerkuang/CC_project/uq_checkpoints/ckp_080422_2100/model_080422_2100.ckpt
860/860 - 223s - loss: 0.0749 - tp: 36648.0000 - fp: 111970.0000 - tn: 13549016.0000 - fn: 100714.0000 - accuracy: 0.9846 - precision: 0.2466 - recall: 0.2668 - auc: 0.9071 - prc: 0.1774 - weighted_accuracy: 0.9571 - val_loss: 0.0730 - val_tp: 4745.0000 - val_fp: 18021.0000 - val_tn: 1559397.0000 - val_fn: 10609.0000 - val_accuracy: 0.9820 - val_precision: 0.2084 - val_recall: 0.3090 - val_auc: 0.9003 - val_prc: 0.1693 - val_weighted_accuracy: 0.9570 - 223s/epoch - 259ms/step
Epoch 28/30

Epoch 28: val_prc improved from 0.16935 to 0.17532, saving model to /n/eddy_lab/users/rangerkuang/CC_project/uq_checkpoints/ckp_080422_2100/model_080422_2100.ckpt
860/860 - 223s - loss: 0.0713 - tp: 36575.0000 - fp: 110856.0000 - tn: 13541164.0000 - fn: 99560.0000 - accuracy: 0.9847 - precision: 0.2481 - recall: 0.2687 - auc: 0.9102 - prc: 0.1834 - weighted_accuracy: 0.9575 - val_loss: 0.0727 - val_tp: 3274.0000 - val_fp: 8828.0000 - val_tn: 1568590.0000 - val_fn: 12080.0000 - val_accuracy: 0.9869 - val_precision: 0.2705 - val_recall: 0.2132 - val_auc: 0.8972 - val_prc: 0.1753 - val_weighted_accuracy: 0.9581 - 223s/epoch - 259ms/step
Epoch 29/30

Epoch 29: val_prc did not improve from 0.17532
860/860 - 222s - loss: 0.0734 - tp: 38081.0000 - fp: 112777.0000 - tn: 13539606.0000 - fn: 99622.0000 - accuracy: 0.9846 - precision: 0.2524 - recall: 0.2765 - auc: 0.9089 - prc: 0.1855 - weighted_accuracy: 0.9574 - val_loss: 0.0718 - val_tp: 3203.0000 - val_fp: 8547.0000 - val_tn: 1568871.0000 - val_fn: 12151.0000 - val_accuracy: 0.9870 - val_precision: 0.2726 - val_recall: 0.2086 - val_auc: 0.9016 - val_prc: 0.1741 - val_weighted_accuracy: 0.9581 - 222s/epoch - 258ms/step
Epoch 30/30

Epoch 30: val_prc improved from 0.17532 to 0.18645, saving model to /n/eddy_lab/users/rangerkuang/CC_project/uq_checkpoints/ckp_080422_2100/model_080422_2100.ckpt
860/860 - 218s - loss: 0.0700 - tp: 38205.0000 - fp: 109088.0000 - tn: 13542844.0000 - fn: 97979.0000 - accuracy: 0.9850 - precision: 0.2594 - recall: 0.2805 - auc: 0.9131 - prc: 0.1962 - weighted_accuracy: 0.9582 - val_loss: 0.0716 - val_tp: 3675.0000 - val_fp: 10367.0000 - val_tn: 1567051.0000 - val_fn: 11679.0000 - val_accuracy: 0.9862 - val_precision: 0.2617 - val_recall: 0.2394 - val_auc: 0.8997 - val_prc: 0.1864 - val_weighted_accuracy: 0.9584 - 218s/epoch - 254ms/step
=====TEST RESULTS======
218/218 - 51s - loss: 0.0770 - tp: 7830.0000 - fp: 21950.0000 - tn: 3438318.0000 - fn: 25516.0000 - accuracy: 0.9864 - precision: 0.2629 - recall: 0.2348 - auc: 0.8945 - prc: 0.1782 - weighted_accuracy: 0.9588 - 51s/epoch - 235ms/step
