Model: "sequential"
_________________________________________________________________
 Layer (type)                Output Shape              Param #   
=================================================================
 embedding (Embedding)       (None, None, 32)          832       
                                                                 
 simple_rnn (SimpleRNN)      (None, None, 64)          6208      
                                                                 
 dense (Dense)               (None, None, 1)           65        
                                                                 
=================================================================
Total params: 7,105
Trainable params: 7,105
Non-trainable params: 0
_________________________________________________________________
None
Epoch 1/30

Epoch 1: val_prc improved from -inf to 0.03425, saving model to /n/eddy_lab/users/rangerkuang/CC_project/uq_checkpoints/ckp_080422_1650/model_080422_1650.ckpt
860/860 - 509s - loss: 0.1204 - tp: 367.0000 - fp: 14511.0000 - tn: 13652353.0000 - fn: 134919.0000 - accuracy: 0.9892 - precision: 0.0247 - recall: 0.0027 - auc: 0.6808 - prc: 0.0196 - weighted_accuracy: 0.9520 - val_loss: 0.1019 - val_tp: 0.0000e+00 - val_fp: 7.0000 - val_tn: 1551502.0000 - val_fn: 14586.0000 - val_accuracy: 0.9907 - val_precision: 0.0000e+00 - val_recall: 0.0000e+00 - val_auc: 0.7774 - val_prc: 0.0342 - val_weighted_accuracy: 0.9551 - 509s/epoch - 592ms/step
Epoch 2/30

Epoch 2: val_prc did not improve from 0.03425
860/860 - 534s - loss: 0.1119 - tp: 759.0000 - fp: 9530.0000 - tn: 13621731.0000 - fn: 137019.0000 - accuracy: 0.9894 - precision: 0.0738 - recall: 0.0055 - auc: 0.7522 - prc: 0.0329 - weighted_accuracy: 0.9515 - val_loss: 0.1027 - val_tp: 0.0000e+00 - val_fp: 0.0000e+00 - val_tn: 1551509.0000 - val_fn: 14586.0000 - val_accuracy: 0.9907 - val_precision: 0.0000e+00 - val_recall: 0.0000e+00 - val_auc: 0.7735 - val_prc: 0.0326 - val_weighted_accuracy: 0.9551 - 534s/epoch - 621ms/step
Epoch 3/30

Epoch 3: val_prc improved from 0.03425 to 0.03894, saving model to /n/eddy_lab/users/rangerkuang/CC_project/uq_checkpoints/ckp_080422_1650/model_080422_1650.ckpt
860/860 - 509s - loss: 0.1087 - tp: 1140.0000 - fp: 11650.0000 - tn: 13663340.0000 - fn: 134645.0000 - accuracy: 0.9894 - precision: 0.0891 - recall: 0.0084 - auc: 0.7505 - prc: 0.0330 - weighted_accuracy: 0.9523 - val_loss: 0.1002 - val_tp: 115.0000 - val_fp: 686.0000 - val_tn: 1550823.0000 - val_fn: 14471.0000 - val_accuracy: 0.9903 - val_precision: 0.1436 - val_recall: 0.0079 - val_auc: 0.7778 - val_prc: 0.0389 - val_weighted_accuracy: 0.9550 - 509s/epoch - 592ms/step
Epoch 4/30

Epoch 4: val_prc did not improve from 0.03894
860/860 - 487s - loss: 0.1127 - tp: 1749.0000 - fp: 16200.0000 - tn: 13610942.0000 - fn: 135166.0000 - accuracy: 0.9890 - precision: 0.0974 - recall: 0.0128 - auc: 0.7447 - prc: 0.0319 - weighted_accuracy: 0.9516 - val_loss: 0.1027 - val_tp: 0.0000e+00 - val_fp: 0.0000e+00 - val_tn: 1551509.0000 - val_fn: 14586.0000 - val_accuracy: 0.9907 - val_precision: 0.0000e+00 - val_recall: 0.0000e+00 - val_auc: 0.7600 - val_prc: 0.0372 - val_weighted_accuracy: 0.9551 - 487s/epoch - 566ms/step
Epoch 5/30

Epoch 5: val_prc improved from 0.03894 to 0.04300, saving model to /n/eddy_lab/users/rangerkuang/CC_project/uq_checkpoints/ckp_080422_1650/model_080422_1650.ckpt
860/860 - 499s - loss: 0.1066 - tp: 343.0000 - fp: 3353.0000 - tn: 13698754.0000 - fn: 137146.0000 - accuracy: 0.9898 - precision: 0.0928 - recall: 0.0025 - auc: 0.7623 - prc: 0.0380 - weighted_accuracy: 0.9521 - val_loss: 0.0970 - val_tp: 0.0000e+00 - val_fp: 0.0000e+00 - val_tn: 1551509.0000 - val_fn: 14586.0000 - val_accuracy: 0.9907 - val_precision: 0.0000e+00 - val_recall: 0.0000e+00 - val_auc: 0.7935 - val_prc: 0.0430 - val_weighted_accuracy: 0.9551 - 499s/epoch - 580ms/step
Epoch 6/30

Epoch 6: val_prc improved from 0.04300 to 0.04501, saving model to /n/eddy_lab/users/rangerkuang/CC_project/uq_checkpoints/ckp_080422_1650/model_080422_1650.ckpt
860/860 - 518s - loss: 0.1053 - tp: 1752.0000 - fp: 16807.0000 - tn: 13573658.0000 - fn: 134804.0000 - accuracy: 0.9890 - precision: 0.0944 - recall: 0.0128 - auc: 0.7739 - prc: 0.0426 - weighted_accuracy: 0.9516 - val_loss: 0.0969 - val_tp: 1244.0000 - val_fp: 11447.0000 - val_tn: 1540062.0000 - val_fn: 13342.0000 - val_accuracy: 0.9842 - val_precision: 0.0980 - val_recall: 0.0853 - val_auc: 0.7866 - val_prc: 0.0450 - val_weighted_accuracy: 0.9519 - 518s/epoch - 602ms/step
Epoch 7/30

Epoch 7: val_prc improved from 0.04501 to 0.04792, saving model to /n/eddy_lab/users/rangerkuang/CC_project/uq_checkpoints/ckp_080422_1650/model_080422_1650.ckpt
860/860 - 535s - loss: 0.1023 - tp: 2755.0000 - fp: 23282.0000 - tn: 13689032.0000 - fn: 134008.0000 - accuracy: 0.9886 - precision: 0.1058 - recall: 0.0201 - auc: 0.7788 - prc: 0.0452 - weighted_accuracy: 0.9518 - val_loss: 0.0949 - val_tp: 604.0000 - val_fp: 4921.0000 - val_tn: 1546588.0000 - val_fn: 13982.0000 - val_accuracy: 0.9879 - val_precision: 0.1093 - val_recall: 0.0414 - val_auc: 0.8017 - val_prc: 0.0479 - val_weighted_accuracy: 0.9539 - 535s/epoch - 622ms/step
Epoch 8/30

Epoch 8: val_prc did not improve from 0.04792
860/860 - 513s - loss: 0.1150 - tp: 288.0000 - fp: 4038.0000 - tn: 13587929.0000 - fn: 136370.0000 - accuracy: 0.9898 - precision: 0.0666 - recall: 0.0021 - auc: 0.7307 - prc: 0.0260 - weighted_accuracy: 0.9520 - val_loss: 0.1105 - val_tp: 263.0000 - val_fp: 4681.0000 - val_tn: 1546828.0000 - val_fn: 14323.0000 - val_accuracy: 0.9879 - val_precision: 0.0532 - val_recall: 0.0180 - val_auc: 0.7684 - val_prc: 0.0293 - val_weighted_accuracy: 0.9530 - 513s/epoch - 597ms/step
Epoch 9/30

Epoch 9: val_prc did not improve from 0.04792
860/860 - 533s - loss: 0.1085 - tp: 908.0000 - fp: 8172.0000 - tn: 13700697.0000 - fn: 135540.0000 - accuracy: 0.9896 - precision: 0.1000 - recall: 0.0067 - auc: 0.7524 - prc: 0.0343 - weighted_accuracy: 0.9523 - val_loss: 0.1005 - val_tp: 40.0000 - val_fp: 409.0000 - val_tn: 1551100.0000 - val_fn: 14546.0000 - val_accuracy: 0.9905 - val_precision: 0.0891 - val_recall: 0.0027 - val_auc: 0.7723 - val_prc: 0.0372 - val_weighted_accuracy: 0.9550 - 533s/epoch - 620ms/step
Epoch 10/30

Epoch 10: val_prc did not improve from 0.04792
860/860 - 501s - loss: 0.1074 - tp: 918.0000 - fp: 8607.0000 - tn: 13613553.0000 - fn: 135535.0000 - accuracy: 0.9895 - precision: 0.0964 - recall: 0.0067 - auc: 0.7677 - prc: 0.0379 - weighted_accuracy: 0.9520 - val_loss: 0.0997 - val_tp: 22.0000 - val_fp: 353.0000 - val_tn: 1551156.0000 - val_fn: 14564.0000 - val_accuracy: 0.9905 - val_precision: 0.0587 - val_recall: 0.0015 - val_auc: 0.7805 - val_prc: 0.0380 - val_weighted_accuracy: 0.9550 - 501s/epoch - 583ms/step
Epoch 11/30

Epoch 11: val_prc did not improve from 0.04792
860/860 - 501s - loss: 0.1062 - tp: 2004.0000 - fp: 16948.0000 - tn: 13597744.0000 - fn: 134197.0000 - accuracy: 0.9890 - precision: 0.1057 - recall: 0.0147 - auc: 0.7717 - prc: 0.0391 - weighted_accuracy: 0.9519 - val_loss: 0.0985 - val_tp: 88.0000 - val_fp: 760.0000 - val_tn: 1550749.0000 - val_fn: 14498.0000 - val_accuracy: 0.9903 - val_precision: 0.1038 - val_recall: 0.0060 - val_auc: 0.7895 - val_prc: 0.0411 - val_weighted_accuracy: 0.9549 - 501s/epoch - 583ms/step
Epoch 12/30

Epoch 12: val_prc did not improve from 0.04792
860/860 - 502s - loss: 0.1067 - tp: 3231.0000 - fp: 25840.0000 - tn: 13665461.0000 - fn: 134305.0000 - accuracy: 0.9884 - precision: 0.1111 - recall: 0.0235 - auc: 0.7675 - prc: 0.0418 - weighted_accuracy: 0.9515 - val_loss: 0.1004 - val_tp: 107.0000 - val_fp: 749.0000 - val_tn: 1550760.0000 - val_fn: 14479.0000 - val_accuracy: 0.9903 - val_precision: 0.1250 - val_recall: 0.0073 - val_auc: 0.7778 - val_prc: 0.0413 - val_weighted_accuracy: 0.9550 - 502s/epoch - 584ms/step
Epoch 12: early stopping
=====TEST RESULTS======
218/218 - 60s - loss: 0.1000 - tp: 2556.0000 - fp: 19772.0000 - tn: 3440411.0000 - fn: 30700.0000 - accuracy: 0.9856 - precision: 0.1145 - recall: 0.0769 - auc: 0.8021 - prc: 0.0505 - weighted_accuracy: 0.9522 - 60s/epoch - 275ms/step
