DeprecationWarning: 'source deactivate' is deprecated. Use 'conda deactivate'.
2022-08-09 15:54:45.026432: I tensorflow/core/platform/cpu_feature_guard.cc:193] This TensorFlow binary is optimized with oneAPI Deep Neural Network Library (oneDNN) to use the following CPU instructions in performance-critical operations:  AVX2 AVX512F FMA
To enable them in other operations, rebuild TensorFlow with the appropriate compiler flags.
2022-08-09 15:54:48.186014: I tensorflow/core/common_runtime/gpu/gpu_device.cc:1532] Created device /job:localhost/replica:0/task:0/device:GPU:0 with 30988 MB memory:  -> device: 0, name: Tesla V100-SXM2-32GB, pci bus id: 0000:1a:00.0, compute capability: 7.0
2022-08-09 15:54:48.191807: I tensorflow/core/common_runtime/gpu/gpu_device.cc:1532] Created device /job:localhost/replica:0/task:0/device:GPU:1 with 30988 MB memory:  -> device: 1, name: Tesla V100-SXM2-32GB, pci bus id: 0000:1c:00.0, compute capability: 7.0
2022-08-09 15:54:48.193232: I tensorflow/core/common_runtime/gpu/gpu_device.cc:1532] Created device /job:localhost/replica:0/task:0/device:GPU:2 with 30988 MB memory:  -> device: 2, name: Tesla V100-SXM2-32GB, pci bus id: 0000:1d:00.0, compute capability: 7.0
2022-08-09 15:54:48.194643: I tensorflow/core/common_runtime/gpu/gpu_device.cc:1532] Created device /job:localhost/replica:0/task:0/device:GPU:3 with 30988 MB memory:  -> device: 3, name: Tesla V100-SXM2-32GB, pci bus id: 0000:1e:00.0, compute capability: 7.0
2022-08-09 15:55:07.237729: W tensorflow/core/common_runtime/forward_type_inference.cc:231] Type inference failed. This indicates an invalid graph that escaped type checking. Error message: INVALID_ARGUMENT: expected compatible input types, but input 1:
type_id: TFT_OPTIONAL
args {
  type_id: TFT_PRODUCT
  args {
    type_id: TFT_TENSOR
    args {
      type_id: TFT_INT32
    }
  }
}
 is neither a subtype nor a supertype of the combined inputs preceding it:
type_id: TFT_OPTIONAL
args {
  type_id: TFT_PRODUCT
  args {
    type_id: TFT_TENSOR
    args {
      type_id: TFT_FLOAT
    }
  }
}

	while inferring type of node 'cond_42/output/_24'
2022-08-09 15:55:08.283039: I tensorflow/stream_executor/cuda/cuda_dnn.cc:384] Loaded cuDNN version 8202
WARNING:absl:Found untraced functions such as lstm_cell_1_layer_call_fn, lstm_cell_1_layer_call_and_return_conditional_losses, lstm_cell_2_layer_call_fn, lstm_cell_2_layer_call_and_return_conditional_losses, lstm_cell_4_layer_call_fn while saving (showing 5 of 8). These functions will not be directly callable after loading.
